<?xml version="1.0" encoding="UTF-8"?>
<!-- Generated by org.testng.reporters.JUnitReportReporter -->
<testsuite hostname="Sreepriyas-MacBook-Pro.local" failures="0" tests="1" name="cordPlay.CreateCertandVerify" time="66.077" errors="0" timestamp="2024-09-05T12:32:25 IST" skipped="0">
  <testcase classname="cordPlay.CreateCertandVerify" name="testPlaygroundCordNetwork" time="66.077"/>
</testsuite> <!-- cordPlay.CreateCertandVerify -->
