<?xml version="1.0" encoding="UTF-8"?>
<!-- Generated by org.testng.reporters.JUnitReportReporter -->
<testsuite hostname="Sreepriyas-MacBook-Pro.local" failures="0" tests="1" name="cordPlay.CreateIdentityandVerify" time="92.517" errors="0" timestamp="2024-09-05T12:57:02 IST" skipped="0">
  <testcase classname="cordPlay.CreateIdentityandVerify" name="testPlaygroundCordNetwork" time="92.517"/>
</testsuite> <!-- cordPlay.CreateIdentityandVerify -->
